app/proguard-rules.txt
# Add project specific ProGuard rules here.
# By default, the flags in this file are appended to flags specified
# in E:\Programs\AndroidSDK/tools/proguard/proguard-android.txt
# You can edit the include path and order by changing the proguardFiles
# directive in build.gradle.
#
# For more details, see
#   http://developer.android.com/guide/developing/tools/proguard.html

# Add any project specific keep options here:

## Standard Proguard rules to keep stuff.
-keepparameternames
-keepattributes Exceptions,InnerClasses,Signature,Deprecated,*Annotation*,EnclosingMethod

-keepclasseswithmembernames,includedescriptorclasses class * {
    native <methods>;
}

-keepclassmembers class * implements java.io.Serializable {
    static final long serialVersionUID;
    private static final java.io.ObjectStreamField[] serialPersistentFields;
    private void writeObject(java.io.ObjectOutputStream);
    private void readObject(java.io.ObjectInputStream);
    java.lang.Object writeReplace();
    java.lang.Object readResolve();
}

## Keep  Parcelable objects
-keepclassmembers class * implements android.os.Parcelable {
    public static final android.os.Parcelable$Creator CREATOR;
}

-keep class * extends java.util.ListResourceBundle {
    protected java.lang.Object[][] getContents();
}


## Hide apache messages.
# http://stackoverflow.com/questions/33047806/proguard-duplicate-definition-of-library-class
-dontnote android.net.http.*
-dontnote org.apache.commons.codec.**
-dontnote org.apache.http.**

## TWC MapSDK Proguard rules
#  Packages to keep: exception, map, settings and utils
#-keep class com.wsi.android.framework.exception.** { *; }
#-keep class com.wsi.android.framework.map.** { *; }
#-keep class com.wsi.android.framework.settings.** { *; }
#-keep class com.wsi.android.framework.utils.** { *; }
-keep class com.wsi.android.framework.map.WSIMapViewDelegate
-keep class com.wsi.android.framework.map.settings.WSIMapSettingsHolder


# -keep,includedescriptorclasses class com.google.android.gms.maps.** { *; }
#-keep class com.google.android.gms.dynamic.** { *; }
-keep class com.google.android.gms.maps.OnMapReadyCallback
#-keep class com.google.android.gms.internal.** { *;}


## Optionally remove Logging from MapSDK
-assumenosideeffects class com.wsi.android.framework.map.settings.MapConfigInfo.* {
    public static int w(...);
    public static int d(...);
    public static int e(...);
}