app/build/outputs/mapping/release/seeds.txt
com.landenlabs.all_encrypnotes.Doc$DocException: long serialVersionUID
com.landenlabs.all_encrypnotes.Doc$DocMetadata: long serialVersionUID
com.landenlabs.all_encrypnotes.Doc$DocPasswordException: long serialVersionUID
com.landenlabs.all_encrypnotes.Doc$SaveMetadata: long serialVersionUID
com.landenlabs.all_encrypnotes.EncrypNotes
com.landenlabs.all_encrypnotes.EncrypNotes: EncrypNotes()
com.landenlabs.all_encrypnotes.R$attr: int drawOff
com.landenlabs.all_encrypnotes.R$attr: int drawOn
com.landenlabs.all_encrypnotes.R$attr: int passwordButtonStyle
com.landenlabs.all_encrypnotes.R$attr: int passwordGridStyle
com.landenlabs.all_encrypnotes.R$attr: int pathAlpha
com.landenlabs.all_encrypnotes.R$attr: int pathColor
com.landenlabs.all_encrypnotes.R$attr: int pathWidth
com.landenlabs.all_encrypnotes.R$color: int green
com.landenlabs.all_encrypnotes.R$color: int path_color
com.landenlabs.all_encrypnotes.R$color: int red
com.landenlabs.all_encrypnotes.R$color: int round_bg_color
com.landenlabs.all_encrypnotes.R$color: int round_bg_color_act
com.landenlabs.all_encrypnotes.R$color: int round_border_color
com.landenlabs.all_encrypnotes.R$color: int round_border_color_act
com.landenlabs.all_encrypnotes.R$dimen: int Normal12
com.landenlabs.all_encrypnotes.R$dimen: int Normal14
com.landenlabs.all_encrypnotes.R$dimen: int Normal16
com.landenlabs.all_encrypnotes.R$dimen: int Normal20
com.landenlabs.all_encrypnotes.R$drawable: int about_bg
com.landenlabs.all_encrypnotes.R$drawable: int ic_launcher
com.landenlabs.all_encrypnotes.R$drawable: int ic_menu_compose
com.landenlabs.all_encrypnotes.R$drawable: int ic_menu_copy
com.landenlabs.all_encrypnotes.R$drawable: int ic_menu_cut
com.landenlabs.all_encrypnotes.R$drawable: int ic_menu_info
com.landenlabs.all_encrypnotes.R$drawable: int ic_menu_info_details
com.landenlabs.all_encrypnotes.R$drawable: int ic_menu_login
com.landenlabs.all_encrypnotes.R$drawable: int ic_menu_paste
com.landenlabs.all_encrypnotes.R$drawable: int ic_menu_refresh
com.landenlabs.all_encrypnotes.R$drawable: int ic_more
com.landenlabs.all_encrypnotes.R$drawable: int input_delete
com.landenlabs.all_encrypnotes.R$drawable: int logo
com.landenlabs.all_encrypnotes.R$drawable: int logo_bot
com.landenlabs.all_encrypnotes.R$drawable: int logo_top
com.landenlabs.all_encrypnotes.R$drawable: int menu_bg
com.landenlabs.all_encrypnotes.R$drawable: int menu_selector
com.landenlabs.all_encrypnotes.R$drawable: int paper_dark
com.landenlabs.all_encrypnotes.R$drawable: int paper_dark_tiles
com.landenlabs.all_encrypnotes.R$drawable: int paper_lite
com.landenlabs.all_encrypnotes.R$drawable: int pattern_bg
com.landenlabs.all_encrypnotes.R$drawable: int pattern_off
com.landenlabs.all_encrypnotes.R$drawable: int pattern_on
com.landenlabs.all_encrypnotes.R$drawable: int round_border
com.landenlabs.all_encrypnotes.R$drawable: int round_border_act
...
android.support.v4.view.AbsSavedState: android.os.Parcelable$Creator CREATOR
android.support.v4.view.PagerTabStrip: void setTabIndicatorColor(int)
android.support.v4.view.PagerTabStrip: void setTabIndicatorColorResource(int)
android.support.v4.view.PagerTabStrip: int getTabIndicatorColor()
android.support.v4.view.PagerTabStrip: void setTextSpacing(int)
android.support.v4.view.PagerTabStrip: void setBackgroundDrawable(android.graphics.drawable.Drawable)
android.support.v4.view.PagerTabStrip: void setBackgroundColor(int)
android.support.v4.view.PagerTabStrip: void setBackgroundResource(int)
android.support.v4.view.PagerTabStrip: void setDrawFullUnderline(boolean)
android.support.v4.view.PagerTabStrip: boolean getDrawFullUnderline()
android.support.v4.view.PagerTabStrip: int getMinHeight()
android.support.v4.view.PagerTitleStrip: void setSingleLineAllCaps(android.widget.TextView)
android.support.v4.view.PagerTitleStrip: void setTextSpacing(int)
android.support.v4.view.PagerTitleStrip: int getTextSpacing()
android.support.v4.view.PagerTitleStrip: void setNonPrimaryAlpha(float)
android.support.v4.view.PagerTitleStrip: void setTextColor(int)
android.support.v4.view.PagerTitleStrip: void setGravity(int)
android.support.v4.view.PagerTitleStrip: int getMinHeight()
android.support.v4.view.ViewPager: void setScrollState(int)
android.support.v4.view.ViewPager: void setAdapter(android.support.v4.view.PagerAdapter)
android.support.v4.view.ViewPager: android.support.v4.view.PagerAdapter getAdapter()
android.support.v4.view.ViewPager: int getClientWidth()
android.support.v4.view.ViewPager: void setCurrentItem(int)
android.support.v4.view.ViewPager: int getCurrentItem()
android.support.v4.view.ViewPager: void setOnPageChangeListener(android.support.v4.view.ViewPager$OnPageChangeListener)
android.support.v4.view.ViewPager: void setChildrenDrawingOrderEnabledCompat(boolean)
android.support.v4.view.ViewPager: int getOffscreenPageLimit()
android.support.v4.view.ViewPager: void setOffscreenPageLimit(int)
android.support.v4.view.ViewPager: void setPageMargin(int)
android.support.v4.view.ViewPager: int getPageMargin()
android.support.v4.view.ViewPager: void setPageMarginDrawable(android.graphics.drawable.Drawable)
android.support.v4.view.ViewPager: void setPageMarginDrawable(int)
android.support.v4.view.ViewPager: void setScrollingCacheEnabled(boolean)
android.support.v4.view.ViewPager$SavedState: android.os.Parcelable$Creator CREATOR
android.support.v4.widget.DrawerLayout: void setDrawerElevation(float)
android.support.v4.widget.DrawerLayout: float getDrawerElevation()
android.support.v4.widget.DrawerLayout: void setScrimColor(int)
android.support.v4.widget.DrawerLayout: void setDrawerListener(android.support.v4.widget.DrawerLayout$DrawerListener)
android.support.v4.widget.DrawerLayout: void setDrawerLockMode(int)
android.support.v4.widget.DrawerLayout: void setStatusBarBackground(android.graphics.drawable.Drawable)
android.support.v4.widget.DrawerLayout: android.graphics.drawable.Drawable getStatusBarBackgroundDrawable()
android.support.v4.widget.DrawerLayout: void setStatusBarBackground(int)
android.support.v4.widget.DrawerLayout: void setStatusBarBackgroundColor(int)
android.support.v4.widget.DrawerLayout$SavedState: android.os.Parcelable$Creator CREATOR