app/build/outputs/mapping/release/mapping.txt
com.landenlabs.all_encrypnotes.Doc -> com.landenlabs.all_encrypnotes.a:
    byte[] SIGNATURE -> a
    byte m_verFormat -> c
    byte m_verMinor -> d
    java.lang.String m_hint -> e
    java.lang.String m_text -> f
    com.landenlabs.all_encrypnotes.Doc$DocMetadata m_docMeta -> g
    boolean $assertionsDisabled -> b
    void <init>(java.lang.String,com.landenlabs.all_encrypnotes.Doc$DocMetadata) -> <init>
    void <init>() -> <init>
    java.lang.String getHint() -> a
    java.lang.String getVersion() -> b
    java.lang.String getInfoStr(com.landenlabs.all_encrypnotes.Doc$DocMetadata,java.text.DateFormat) -> a
    boolean doSave(java.io.File,java.lang.String) -> a
    boolean doOpen(java.io.File,java.lang.String) -> b
    java.lang.String getText() -> c
    com.landenlabs.all_encrypnotes.Doc$DocMetadata getDocMetadata() -> d
    javax.crypto.Cipher getCipher(int,byte[],byte[]) -> a
    void <clinit>() -> <clinit>
com.landenlabs.all_encrypnotes.Doc$DocException -> com.landenlabs.all_encrypnotes.a$a:
    long serialVersionUID -> serialVersionUID
    void <init>() -> <init>
    void <init>(java.lang.String) -> <init>
com.landenlabs.all_encrypnotes.Doc$DocMetadata -> com.landenlabs.all_encrypnotes.a$b:
    long serialVersionUID -> serialVersionUID
    java.util.ArrayList saveHistory -> a
    boolean modified -> b
    java.lang.String filename -> c
    java.lang.String hint -> d
    int caretPosition -> e
    byte[] key -> f
    void <init>() -> <init>
    void saveMetadata(java.io.DataOutputStream) -> a
    void loadMetadata(java.io.DataInputStream,int) -> a
    void copyTo(com.landenlabs.all_encrypnotes.Doc$DocMetadata) -> a
    void setKey(java.lang.String) -> a
com.landenlabs.all_encrypnotes.Doc$DocPasswordException -> com.landenlabs.all_encrypnotes.a$c:
    long serialVersionUID -> serialVersionUID
    void <init>() -> <init>
    void <init>(java.lang.String) -> <init>
com.landenlabs.all_encrypnotes.Doc$SaveMetadata -> com.landenlabs.all_encrypnotes.a$d:
    long serialVersionUID -> serialVersionUID
    long timestamp -> a
    java.lang.String username -> b
    void <init>(long,java.lang.String) -> <init>
com.landenlabs.all_encrypnotes.DocFileDlg -> com.landenlabs.all_encrypnotes.b:
    java.text.DateFormat m_dateFormat -> a
    java.io.File STORAGE_DIR -> b
    com.landenlabs.all_encrypnotes.Doc$DocMetadata m_docMetadata -> c
    android.app.Activity m_context -> d
    com.landenlabs.all_encrypnotes.UiPasswordManager m_managePwd -> e
    com.landenlabs.all_encrypnotes.SimpleFileDialog m_fileOpenDialog -> f
    void <init>(android.app.Activity) -> <init>
    boolean ensureDocDir() -> a
    java.io.File getDir() -> b
    java.lang.String getName() -> c
    boolean isModified() -> d
    void setModified(boolean) -> a
    boolean canSave() -> e
    void Clear() -> f
    void saveInstanceState(android.os.Bundle,android.widget.EditText) -> a
    void restoreInstanceState(android.os.Bundle,android.widget.EditText) -> b
    void showInfo() -> g
    void showLoad(com.landenlabs.all_encrypnotes.EncrypPrefs,android.widget.EditText,com.landenlabs.all_encrypnotes.SendMsg) -> a
    void setHint(java.lang.String) -> b
    void loadSelectedFile(com.landenlabs.all_encrypnotes.EncrypPrefs,java.lang.String,android.widget.EditText,com.landenlabs.all_encrypnotes.SendMsg) -> a
    void loadFile(java.lang.String,java.lang.String,android.widget.EditText,com.landenlabs.all_encrypnotes.SendMsg) -> a
    java.lang.String getHint(java.lang.String) -> a
    void showSaveAs(com.landenlabs.all_encrypnotes.EncrypPrefs,int,int,android.widget.EditText,com.landenlabs.all_encrypnotes.SendMsg) -> a
com.landenlabs.all_encrypnotes.DocFileDlg$1 -> com.landenlabs.all_encrypnotes.b$1:
    com.landenlabs.all_encrypnotes.DocFileDlg this$0 -> a
    void <init>(com.landenlabs.all_encrypnotes.DocFileDlg) -> <init>
    boolean accept(java.io.File,java.lang.String) -> accept
...
android.support.annotation.Keep -> android.support.annotation.Keep:
android.support.v4.content.ContextCompat -> android.support.a.a.a:
    java.lang.Object sLock -> a
    int checkSelfPermission(android.content.Context,java.lang.String) -> a
    void <clinit>() -> <clinit>
com.landenlabs.password.PasswordButton -> com.landenlabs.password.PasswordButton:
    void <init>(android.content.Context) -> <init>
    void <init>(android.content.Context,android.util.AttributeSet) -> <init>
    void <init>(android.content.Context,android.util.AttributeSet,int) -> <init>
    void init(android.content.Context,android.util.AttributeSet) -> a
com.landenlabs.password.PasswordGrid -> com.landenlabs.password.PasswordGrid:
    com.landenlabs.password.PasswordGrid$OnPasswordListener mListener -> a
    java.util.List m_points -> b
    java.lang.StringBuilder m_password -> c
    android.util.SparseIntArray m_pathMap -> d
    java.util.HashMap m_buttonCnt -> e
    android.view.View m_lastView -> f
    long m_pressMillis -> g
    android.graphics.Paint m_paint -> h
    android.graphics.Path m_path -> i
    int m_offId -> j
    int m_onId -> k
    int m_pathWidth -> l
    int m_pathAlpha -> m
    int m_pathColor -> n
    android.graphics.Bitmap m_onImage -> o
    boolean onInterceptTouchEvent(android.view.MotionEvent) -> onInterceptTouchEvent
    boolean onDragEvent(android.view.DragEvent) -> onDragEvent
    void onDraw(android.graphics.Canvas) -> onDraw
    void <init>(android.content.Context) -> <init>
    void <init>(android.content.Context,android.util.AttributeSet) -> <init>
    void <init>(android.content.Context,android.util.AttributeSet,int) -> <init>
    void init(android.content.Context,android.util.AttributeSet) -> a
    java.lang.String getPassword() -> getPassword
    void setPassword(java.lang.String,boolean) -> a
    void clear() -> a
    void deletePoint(int) -> a
    void addPoint(android.view.View,boolean) -> a
    void setListener(com.landenlabs.password.PasswordGrid$OnPasswordListener) -> setListener
    void paintPath(android.graphics.Canvas) -> a
com.landenlabs.password.PasswordGrid$1 -> com.landenlabs.password.PasswordGrid$1:
    com.landenlabs.password.PasswordGrid this$0 -> a
    void <init>(com.landenlabs.password.PasswordGrid,android.view.View) -> <init>
    void onDrawShadow(android.graphics.Canvas) -> onDrawShadow
com.landenlabs.password.PasswordGrid$OnPasswordListener -> com.landenlabs.password.PasswordGrid$a:
    void onPasswordComplete(java.lang.String) -> a
    void onPasswordChanged(java.lang.String) -> b