app/build/outputs/mapping/release/usage.txt
com.landenlabs.all_encrypnotes.BuildConfig
com.landenlabs.all_encrypnotes.Doc:
    static final byte VERSION_FORMAT
    static final byte VERSION_FORMAT_HAS_HINT
    static final byte VERSION_FORMAT_HAS_HASH_LEN
    static final byte VERSION_MINOR
    static final byte VERSION_MINOR_HAS_ENC
    static final java.lang.String ENC
    static final int HISTORY_SAME_EDIT_MINUTES
    static final int HISTORY_MAX_ENTRIES
    static final int HINT_MAX_LEN
    public static final java.lang.String CRYPTO_MODE
    public static final java.lang.String CRYPTO_ALG
com.landenlabs.all_encrypnotes.DocFileDlg:
    public static final int FILE_CONTEXT_MENU
    private static final java.lang.String DOC_DIR
    private static final java.lang.String DOC_EXT
    public static final int SAVE
    public static final int SAVE_AS
    124:124:public final java.lang.String getFilename()
com.landenlabs.all_encrypnotes.EncrypNotes:
    public static final int HNDMSG_LOAD_DONE
    public static final int HNDMSG_SAVE_DONE
    static final int PRGMSG_FONT_ZOOM
    725:738:private void optionsBox()
com.landenlabs.all_encrypnotes.EncrypNotes$5
com.landenlabs.all_encrypnotes.EncrypPrefs:
    public static final java.lang.String PREFS_FILENAME
    private static final java.lang.String PREF_PARANOID
    private static final java.lang.String PREF_INVERT_COLOR
    private static final java.lang.String PREF_GLOBAL_PWD_STATE
    private static final java.lang.String PREF_GLOBAL_PWD_VALUE
    private static final java.lang.String PREF_GLOBAL_PWD_HINT
    private static final java.lang.String PREF_TEXT_SCALE
    private static final java.lang.String PREF_SHOW_PAT
    private static final java.lang.String PREF_SHOW_PWD
    private static final java.lang.String PREF_DEFAULT_PWD
com.landenlabs.all_encrypnotes.R:
    10:10:public R()
com.landenlabs.all_encrypnotes.R$attr
com.landenlabs.all_encrypnotes.R$color
com.landenlabs.all_encrypnotes.R$dimen
com.landenlabs.all_encrypnotes.R$drawable
com.landenlabs.all_encrypnotes.R$id
com.landenlabs.all_encrypnotes.R$layout
com.landenlabs.all_encrypnotes.R$menu
com.landenlabs.all_encrypnotes.R$string
com.landenlabs.all_encrypnotes.R$style
com.landenlabs.all_encrypnotes.R$styleable:
    245:245:public R$styleable()
com.landenlabs.all_encrypnotes.SendMsg:
    public static final int MSG_FAIL
    public static final int MSG_OKAY
com.landenlabs.all_encrypnotes.SimpleFileDialog:
    static final int DARK_GRAY
com.landenlabs.all_encrypnotes.Util:
    78:78:public static byte[] md5hash(java.lang.String)
    89:89:public static byte[] md5hash(byte[])
    142:145:public static java.lang.String bytea2hex(byte[])
com.landenlabs.all_encrypnotes.Util$UncaughtExceptionHandler:
    private static final java.lang.String APP_VERSION_INFO_ID_FORMAT
    private static final java.lang.String ERROR_REPORT_FORMAT
com.landenlabs.all_encrypnotes.ui.DlgClickListener:
    public static final int CLKMSG_EXIT
    public static final int CLKMSG_NEW_FILE
    public static final int CLKMSG_SAVE_THEN_NEW
    public static final int CLKMSG_SAVE_THEN_OPEN
    public static final int CLKMSG_FILENAME_CHANGED
com.landenlabs.all_encrypnotes.ui.Email:
    37:37:public Email()
com.landenlabs.all_encrypnotes.ui.HomeWatcher:
    static final java.lang.String TAG
    32:34:public void setOnHomePressedListener(com.landenlabs.all_encrypnotes.ui.HomeWatcher$OnHomePressedListener)
com.landenlabs.all_encrypnotes.ui.HomeWatcher$InnerRecevier:
    final java.lang.String SYSTEM_DIALOG_REASON_KEY
    final java.lang.String SYSTEM_DIALOG_REASON_GLOBAL_ACTIONS
    final java.lang.String SYSTEM_DIALOG_REASON_RECENT_APPS
    final java.lang.String SYSTEM_DIALOG_REASON_HOME_KEY
    48:52:HomeWatcher$InnerRecevier(com.landenlabs.all_encrypnotes.ui.HomeWatcher)
...
android.support.v4.view.accessibility.AccessibilityManagerCompat$AccessibilityManagerVersionImpl
android.support.v4.view.accessibility.AccessibilityManagerCompat$AccessibilityStateChangeListener
android.support.v4.view.accessibility.AccessibilityManagerCompat$AccessibilityStateChangeListenerCompat
android.support.v4.view.accessibility.AccessibilityManagerCompat$TouchExplorationStateChangeListener
android.support.v4.view.accessibility.AccessibilityManagerCompatIcs
android.support.v4.view.accessibility.AccessibilityManagerCompatIcs$AccessibilityStateChangeListenerBridge
android.support.v4.view.accessibility.AccessibilityManagerCompatIcs$AccessibilityStateChangeListenerWrapper
android.support.v4.view.accessibility.AccessibilityManagerCompatKitKat
android.support.v4.view.accessibility.AccessibilityManagerCompatKitKat$1
android.support.v4.view.accessibility.AccessibilityManagerCompatKitKat$TouchExplorationStateChangeListenerBridge
android.support.v4.view.accessibility.AccessibilityManagerCompatKitKat$TouchExplorationStateChangeListenerWrapper
android.support.v4.view.accessibility.AccessibilityNodeInfoCompat
android.support.v4.view.accessibility.AccessibilityNodeInfoCompat$1
android.support.v4.view.accessibility.AccessibilityNodeInfoCompat$AccessibilityActionCompat
android.support.v4.view.accessibility.AccessibilityNodeInfoCompat$AccessibilityNodeInfoApi21Impl
android.support.v4.view.accessibility.AccessibilityNodeInfoCompat$AccessibilityNodeInfoApi22Impl
android.support.v4.view.accessibility.AccessibilityNodeInfoCompat$AccessibilityNodeInfoApi23Impl
android.support.v4.view.accessibility.AccessibilityNodeInfoCompat$AccessibilityNodeInfoApi24Impl
android.support.v4.view.accessibility.AccessibilityNodeInfoCompat$AccessibilityNodeInfoIcsImpl
android.support.v4.view.accessibility.AccessibilityNodeInfoCompat$AccessibilityNodeInfoImpl
android.support.v4.view.accessibility.AccessibilityNodeInfoCompat$AccessibilityNodeInfoJellybeanImpl
android.support.v4.view.accessibility.AccessibilityNodeInfoCompat$AccessibilityNodeInfoJellybeanMr1Impl
android.support.v4.view.accessibility.AccessibilityNodeInfoCompat$AccessibilityNodeInfoJellybeanMr2Impl
android.support.v4.view.accessibility.AccessibilityNodeInfoCompat$AccessibilityNodeInfoKitKatImpl
android.support.v4.view.accessibility.AccessibilityNodeInfoCompat$AccessibilityNodeInfoStubImpl
android.support.v4.view.accessibility.AccessibilityNodeInfoCompat$CollectionInfoCompat
android.support.v4.view.accessibility.AccessibilityNodeInfoCompat$CollectionItemInfoCompat
android.support.v4.view.accessibility.AccessibilityNodeInfoCompat$RangeInfoCompat
android.support.v4.view.accessibility.AccessibilityNodeInfoCompatApi21
android.support.v4.view.accessibility.AccessibilityNodeInfoCompatApi21$CollectionInfo
android.support.v4.view.accessibility.AccessibilityNodeInfoCompatApi21$CollectionItemInfo
android.support.v4.view.accessibility.AccessibilityNodeInfoCompatApi22
android.support.v4.view.accessibility.AccessibilityNodeInfoCompatApi23
android.support.v4.view.accessibility.AccessibilityNodeInfoCompatApi24
android.support.v4.view.accessibility.AccessibilityNodeInfoCompatIcs
android.support.v4.view.accessibility.AccessibilityNodeInfoCompatJellyBean
android.support.v4.view.accessibility.AccessibilityNodeInfoCompatJellybeanMr1
android.support.v4.view.accessibility.AccessibilityNodeInfoCompatJellybeanMr2
android.support.v4.view.accessibility.AccessibilityNodeInfoCompatKitKat
android.support.v4.view.accessibility.AccessibilityNodeInfoCompatKitKat$CollectionInfo
android.support.v4.view.accessibility.AccessibilityNodeInfoCompatKitKat$CollectionItemInfo
android.support.v4.view.accessibility.AccessibilityNodeInfoCompatKitKat$RangeInfo
android.support.v4.view.accessibility.AccessibilityNodeProviderCompat
android.support.v4.view.accessibility.AccessibilityNodeProviderCompat$1
android.support.v4.view.accessibility.AccessibilityNodeProviderCompat$AccessibilityNodeProviderImpl